*** Using c compiler gcc instead of cc ...
                         Chronologic VCS (TM)
         Version T-2022.06_Full64 -- Mon Nov 18 19:34:33 2024

                    Copyright (c) 1991 - 2022 Synopsys, Inc.
   This software and the associated documentation are proprietary to Synopsys,
 Inc. This software may only be used in accordance with the terms and conditions
 of a written license agreement with Synopsys, Inc. All other use, reproduction,
   or distribution of this software is strictly prohibited.  Licensed Products
     communicate with Synopsys servers for the purpose of providing software
    updates, detecting software piracy and verifying that customers are using
    Licensed Products in conformity with the applicable License Key for such
  Licensed Products. Synopsys will use information gathered in connection with
    this process to deliver software updates and pursue software pirates and
                                   infringers.

 Inclusivity & Diversity - Visit SolvNetPlus to read the "Synopsys Statement on
            Inclusivity and Diversity" (Refer to article 000036315 at
                        https://solvnetplus.synopsys.com)

Parsing design file '../00_TESTBED/testfixture.v'
Parsing design file '/home/raid7_2/course/cvsd/CBDK_IC_Contest_v2.5/Verilog/tsmc13_neg.v'
Parsing design file './IOTDF_syn.v'
Top Level Modules:
       test
       BUFX3
       BUFX4
       BUFX6
       BUFX8
       BUFX12
       BUFX16
       BUFX20
       INVX4
       INVX6
       INVX8
       INVX12
       INVX16
       INVX20
       TBUFXL
       TBUFX1
       TBUFX2
       TBUFX3
       TBUFX4
       TBUFX6
       TBUFX8
       TBUFX12
       TBUFX16
       TBUFX20
       HOLDX1
       AND2XL
       AND2X2
       AND2X4
       AND2X6
       AND2X8
       AND3XL
       AND3X2
       AND3X4
       AND3X6
       AND3X8
       AND4XL
       AND4X2
       AND4X4
       AND4X6
       AND4X8
       AOI21X1
       AOI21X2
       AOI21X4
       AOI211X1
       AOI211X2
       AOI211X4
       AOI22X1
       AOI22X2
       AOI22X4
       AOI221X1
       AOI221X2
       AOI221X4
       AOI222X1
       AOI222X2
       AOI222X4
       AOI31X1
       AOI31X2
       AOI31X4
       AOI32X1
       AOI32X2
       AOI32X4
       AOI33X1
       AOI33X2
       AOI33X4
       AOI2BB1XL
       AOI2BB1X2
       AOI2BB1X4
       AOI2BB2XL
       AOI2BB2X2
       AOI2BB2X4
       AO21XL
       AO21X2
       AO21X4
       AO22X2
       AO22X4
       MX2XL
       MX2X1
       MX2X2
       MX2X4
       MX2X6
       MX2X8
       MX4XL
       MX4X1
       MX4X2
       MX4X4
       MXI2XL
       MXI2X1
       MXI2X2
       MXI2X4
       MXI2X6
       MXI2X8
       MXI4XL
       MXI4X1
       MXI4X2
       MXI4X4
       MX3XL
       MX3X1
       MX3X2
       MX3X4
       MXI3XL
       MXI3X1
       MXI3X2
       MXI3X4
       NAND2X2
       NAND2X4
       NAND2X6
       NAND2X8
       NAND3X2
       NAND3X4
       NAND3X6
       NAND3X8
       NAND4X1
       NAND4X2
       NAND4X4
       NAND4X6
       NAND4X8
       NAND2BXL
       NAND2BX2
       NAND2BX4
       NAND3BXL
       NAND3BX1
       NAND3BX2
       NAND3BX4
       NAND4BXL
       NAND4BX1
       NAND4BX2
       NAND4BX4
       NAND4BBXL
       NAND4BBX1
       NAND4BBX2
       NAND4BBX4
       NOR2X4
       NOR2X6
       NOR2X8
       NOR3X2
       NOR3X4
       NOR3X6
       NOR3X8
       NOR4X2
       NOR4X4
       NOR4X6
       NOR4X8
       NOR2BXL
       NOR2BX2
       NOR2BX4
       NOR3BXL
       NOR3BX2
       NOR3BX4
       NOR4BXL
       NOR4BX2
       NOR4BX4
       NOR4BBXL
       NOR4BBX2
       NOR4BBX4
       OR2XL
       OR2X4
       OR2X6
       OR2X8
       OR3XL
       OR3X1
       OR3X2
       OR3X4
       OR3X6
       OR3X8
       OR4XL
       OR4X1
       OR4X4
       OR4X6
       OR4X8
       OAI21X1
       OAI21X2
       OAI21X4
       OAI211X1
       OAI211X2
       OAI211X4
       OAI22X1
       OAI22X2
       OAI22X4
       OAI221X1
       OAI221X2
       OAI221X4
       OAI222X1
       OAI222X2
       OAI222X4
       OAI31X2
       OAI31X4
       OAI32X1
       OAI32X2
       OAI32X4
       OAI33XL
       OAI33X1
       OAI33X2
       OAI33X4
       OAI2BB1X1
       OAI2BB1X2
       OAI2BB1X4
       OAI2BB2X1
       OAI2BB2X2
       OAI2BB2X4
       OA21X1
       OA21X2
       OA21X4
       OA22X2
       OA22X4
       CLKXOR2X1
       CLKXOR2X2
       CLKXOR2X4
       CLKXOR2X8
       XOR2XL
       XOR2X1
       XOR2X2
       XOR2X4
       XOR3XL
       XOR3X1
       XOR3X2
       XOR3X4
       XNOR2XL
       XNOR2X1
       XNOR2X2
       XNOR2X4
       XNOR3XL
       XNOR3X1
       XNOR3X2
       XNOR3X4
       CLKBUFX2
       CLKBUFX3
       CLKBUFX4
       CLKBUFX6
       CLKBUFX8
       CLKBUFX12
       CLKBUFX16
       CLKBUFX20
       CLKINVX3
       CLKINVX4
       CLKINVX6
       CLKINVX8
       CLKINVX12
       CLKINVX16
       CLKINVX20
       CLKAND2X2
       CLKAND2X3
       CLKAND2X4
       CLKAND2X6
       CLKAND2X8
       CLKAND2X12
       CLKMX2X2
       CLKMX2X3
       CLKMX2X4
       CLKMX2X6
       CLKMX2X8
       CLKMX2X12
       TLATNCAX2
       TLATNCAX3
       TLATNCAX4
       TLATNCAX6
       TLATNCAX8
       TLATNCAX12
       TLATNCAX16
       TLATNCAX20
       TLATNTSCAX2
       TLATNTSCAX3
       TLATNTSCAX4
       TLATNTSCAX6
       TLATNTSCAX8
       TLATNTSCAX12
       TLATNTSCAX16
       TLATNTSCAX20
       ADDHXL
       ADDHX1
       ADDHX2
       ADDHX4
       ADDFXL
       ADDFX1
       ADDFX2
       ADDFX4
       ADDFHXL
       ADDFHX1
       ADDFHX2
       ADDFHX4
       BENCX1
       BENCX2
       BENCX4
       BMXX2
       BMXX4
       BMXIX2
       BMXIX4
       CMPR22X2
       CMPR22X4
       CMPR32X2
       CMPR32X4
       AFHCINX2
       AFHCINX4
       AFHCONX2
       AFHCONX4
       ACHCINX2
       ACHCINX4
       ACHCONX2
       ACHCONX4
       AHHCINX2
       AHHCINX4
       AHHCONX2
       AHHCONX4
       AFCSHCINX2
       AFCSHCINX4
       AFCSHCONX2
       AFCSHCONX4
       AFCSIHCONX2
       AFCSIHCONX4
       ACCSHCINX2
       ACCSHCINX4
       ACCSHCONX2
       ACCSHCONX4
       ACCSIHCONX2
       ACCSIHCONX4
       AHCSHCINX2
       AHCSHCINX4
       AHCSHCONX2
       AHCSHCONX4
       CMPR42X1
       CMPR42X2
       CMPR42X4
       DFFXL
       DFFX2
       DFFX4
       DFFQX2
       DFFQX4
       DFFQXL
       DFFRXL
       DFFRX2
       DFFRX4
       DFFSXL
       DFFSX1
       DFFSX2
       DFFSX4
       DFFSRXL
       DFFSRX1
       DFFSRX2
       DFFSRX4
       DFFNSRXL
       DFFNSRX1
       DFFNSRX2
       DFFNSRX4
       DFFTRXL
       DFFTRX1
       DFFTRX2
       DFFTRX4
       EDFFXL
       EDFFX1
       EDFFX2
       EDFFX4
       EDFFTRXL
       EDFFTRX1
       EDFFTRX2
       EDFFTRX4
       SDFFXL
       SDFFX1
       SDFFX2
       SDFFX4
       SDFFQX1
       SDFFQX2
       SDFFQX4
       SDFFQXL
       SDFFRXL
       SDFFRX1
       SDFFRX2
       SDFFRX4
       SDFFSXL
       SDFFSX1
       SDFFSX2
       SDFFSX4
       SDFFSRXL
       SDFFSRX1
       SDFFSRX2
       SDFFSRX4
       SDFFNSRXL
       SDFFNSRX1
       SDFFNSRX2
       SDFFNSRX4
       SDFFTRXL
       SDFFTRX1
       SDFFTRX2
       SDFFTRX4
       SEDFFXL
       SEDFFX1
       SEDFFX2
       SEDFFX4
       SEDFFTRXL
       SEDFFTRX1
       SEDFFTRX2
       SEDFFTRX4
       DFFHQX1
       DFFHQX2
       DFFHQX4
       DFFHQX8
       DFFRHQX1
       DFFRHQX2
       DFFRHQX4
       DFFRHQX8
       DFFSHQX1
       DFFSHQX2
       DFFSHQX4
       DFFSHQX8
       DFFSRHQX1
       DFFSRHQX2
       DFFSRHQX4
       DFFSRHQX8
       EDFFHQX1
       EDFFHQX2
       EDFFHQX4
       EDFFHQX8
       MDFFHQX1
       MDFFHQX2
       MDFFHQX4
       MDFFHQX8
       SDFFHQX1
       SDFFHQX2
       SDFFHQX4
       SDFFHQX8
       SDFFRHQX1
       SDFFRHQX2
       SDFFRHQX4
       SDFFRHQX8
       SDFFSHQX1
       SDFFSHQX2
       SDFFSHQX4
       SDFFSHQX8
       SDFFSRHQX1
       SDFFSRHQX2
       SDFFSRHQX4
       SDFFSRHQX8
       SEDFFHQX1
       SEDFFHQX2
       SEDFFHQX4
       SEDFFHQX8
       SMDFFHQX1
       SMDFFHQX2
       SMDFFHQX4
       SMDFFHQX8
       TLATXL
       TLATX1
       TLATX2
       TLATX4
       TLATSRXL
       TLATSRX1
       TLATSRX2
       TLATSRX4
       TLATNXL
       TLATNX2
       TLATNX4
       TLATNSRXL
       TLATNSRX1
       TLATNSRX2
       TLATNSRX4
       RF1R1WX1
       RF2R1WX1
       RFRDX1
       RFRDX2
       RFRDX4
       DLY1X1
       DLY2X1
       DLY3X1
       DLY4X1
       DLY1X4
       DLY2X4
       DLY3X4
       DLY4X4
       TIEHI
       TIELO
TimeScale is 1 ns / 1 ps

Warning-[TFIPC] Too few instance port connections
./IOTDF_syn.v, 4369
SNPS_CLOCK_GATE_HIGH_IOTDF_0, "TLATNX1 latch( .D (net5193),  .GN (CLK),  .Q (net5196));"
  The above instance has fewer port connections than the module definition.
  Please use '+lint=TFIPC-L' to print out detailed information of unconnected 
  ports.


Warning-[TFIPC] Too few instance port connections
./IOTDF_syn.v, 4358
SNPS_CLOCK_GATE_HIGH_IOTDF_23, "TLATNX1 latch( .D (net5193),  .GN (CLK),  .Q (net5196));"
  The above instance has fewer port connections than the module definition.
  Please use '+lint=TFIPC-L' to print out detailed information of unconnected 
  ports.


Warning-[TFIPC] Too few instance port connections
./IOTDF_syn.v, 4347
SNPS_CLOCK_GATE_HIGH_IOTDF_22, "TLATNX1 latch( .D (net5193),  .GN (CLK),  .Q (net5196));"
  The above instance has fewer port connections than the module definition.
  Please use '+lint=TFIPC-L' to print out detailed information of unconnected 
  ports.


Warning-[TFIPC] Too few instance port connections
./IOTDF_syn.v, 4336
SNPS_CLOCK_GATE_HIGH_IOTDF_21, "TLATNX1 latch( .D (net5193),  .GN (CLK),  .Q (net5196));"
  The above instance has fewer port connections than the module definition.
  Please use '+lint=TFIPC-L' to print out detailed information of unconnected 
  ports.


Warning-[TFIPC] Too few instance port connections
./IOTDF_syn.v, 4325
SNPS_CLOCK_GATE_HIGH_IOTDF_20, "TLATNX1 latch( .D (net5193),  .GN (CLK),  .Q (net5196));"
  The above instance has fewer port connections than the module definition.
  Please use '+lint=TFIPC-L' to print out detailed information of unconnected 
  ports.


Warning-[TFIPC] Too few instance port connections
./IOTDF_syn.v, 4314
SNPS_CLOCK_GATE_HIGH_IOTDF_19, "TLATNX1 latch( .D (net5193),  .GN (CLK),  .Q (net5196));"
  The above instance has fewer port connections than the module definition.
  Please use '+lint=TFIPC-L' to print out detailed information of unconnected 
  ports.


Warning-[TFIPC] Too few instance port connections
./IOTDF_syn.v, 4303
SNPS_CLOCK_GATE_HIGH_IOTDF_18, "TLATNX1 latch( .D (net5193),  .GN (CLK),  .Q (net5196));"
  The above instance has fewer port connections than the module definition.
  Please use '+lint=TFIPC-L' to print out detailed information of unconnected 
  ports.


Warning-[TFIPC] Too few instance port connections
./IOTDF_syn.v, 4292
SNPS_CLOCK_GATE_HIGH_IOTDF_17, "TLATNX1 latch( .D (net5193),  .GN (CLK),  .Q (net5196));"
  The above instance has fewer port connections than the module definition.
  Please use '+lint=TFIPC-L' to print out detailed information of unconnected 
  ports.


Warning-[TFIPC] Too few instance port connections
./IOTDF_syn.v, 4281
SNPS_CLOCK_GATE_HIGH_IOTDF_16, "TLATNX1 latch( .D (net5193),  .GN (CLK),  .Q (net5196));"
  The above instance has fewer port connections than the module definition.
  Please use '+lint=TFIPC-L' to print out detailed information of unconnected 
  ports.


Warning-[TFIPC] Too few instance port connections
./IOTDF_syn.v, 4270
SNPS_CLOCK_GATE_HIGH_IOTDF_15, "TLATNX1 latch( .D (net5193),  .GN (CLK),  .Q (net5196));"
  The above instance has fewer port connections than the module definition.
  Please use '+lint=TFIPC-L' to print out detailed information of unconnected 
  ports.


Warning-[TFIPC] Too few instance port connections
./IOTDF_syn.v, 4259
SNPS_CLOCK_GATE_HIGH_IOTDF_14, "TLATNX1 latch( .D (net5193),  .GN (CLK),  .Q (net5196));"
  The above instance has fewer port connections than the module definition.
  Please use '+lint=TFIPC-L' to print out detailed information of unconnected 
  ports.


Warning-[TFIPC] Too few instance port connections
./IOTDF_syn.v, 4248
SNPS_CLOCK_GATE_HIGH_IOTDF_13, "TLATNX1 latch( .D (net5193),  .GN (CLK),  .Q (net5196));"
  The above instance has fewer port connections than the module definition.
  Please use '+lint=TFIPC-L' to print out detailed information of unconnected 
  ports.


Warning-[TFIPC] Too few instance port connections
./IOTDF_syn.v, 4237
SNPS_CLOCK_GATE_HIGH_IOTDF_12, "TLATNX1 latch( .D (net5193),  .GN (CLK),  .Q (net5196));"
  The above instance has fewer port connections than the module definition.
  Please use '+lint=TFIPC-L' to print out detailed information of unconnected 
  ports.


Warning-[TFIPC] Too few instance port connections
./IOTDF_syn.v, 4226
SNPS_CLOCK_GATE_HIGH_IOTDF_11, "TLATNX1 latch( .D (net5193),  .GN (CLK),  .Q (net5196));"
  The above instance has fewer port connections than the module definition.
  Please use '+lint=TFIPC-L' to print out detailed information of unconnected 
  ports.


Warning-[TFIPC] Too few instance port connections
./IOTDF_syn.v, 4215
SNPS_CLOCK_GATE_HIGH_IOTDF_10, "TLATNX1 latch( .D (net5193),  .GN (CLK),  .Q (net5196));"
  The above instance has fewer port connections than the module definition.
  Please use '+lint=TFIPC-L' to print out detailed information of unconnected 
  ports.


Warning-[TFIPC] Too few instance port connections
./IOTDF_syn.v, 4204
SNPS_CLOCK_GATE_HIGH_IOTDF_9, "TLATNX1 latch( .D (net5193),  .GN (CLK),  .Q (net5196));"
  The above instance has fewer port connections than the module definition.
  Please use '+lint=TFIPC-L' to print out detailed information of unconnected 
  ports.


Warning-[TFIPC] Too few instance port connections
./IOTDF_syn.v, 4193
SNPS_CLOCK_GATE_HIGH_IOTDF_8, "TLATNX1 latch( .D (net5193),  .GN (CLK),  .Q (net5196));"
  The above instance has fewer port connections than the module definition.
  Please use '+lint=TFIPC-L' to print out detailed information of unconnected 
  ports.


Warning-[TFIPC] Too few instance port connections
./IOTDF_syn.v, 4182
SNPS_CLOCK_GATE_HIGH_IOTDF_7, "TLATNX1 latch( .D (net5193),  .GN (CLK),  .Q (net5196));"
  The above instance has fewer port connections than the module definition.
  Please use '+lint=TFIPC-L' to print out detailed information of unconnected 
  ports.


Warning-[TFIPC] Too few instance port connections
./IOTDF_syn.v, 4171
SNPS_CLOCK_GATE_HIGH_IOTDF_6, "TLATNX1 latch( .D (net5193),  .GN (CLK),  .Q (net5196));"
  The above instance has fewer port connections than the module definition.
  Please use '+lint=TFIPC-L' to print out detailed information of unconnected 
  ports.


Warning-[TFIPC] Too few instance port connections
./IOTDF_syn.v, 4160
SNPS_CLOCK_GATE_HIGH_IOTDF_5, "TLATNX1 latch( .D (net5193),  .GN (CLK),  .Q (net5196));"
  The above instance has fewer port connections than the module definition.
  Please use '+lint=TFIPC-L' to print out detailed information of unconnected 
  ports.


Warning-[TFIPC] Too few instance port connections
./IOTDF_syn.v, 4149
SNPS_CLOCK_GATE_HIGH_IOTDF_4, "TLATNX1 latch( .D (net5193),  .GN (CLK),  .Q (net5196));"
  The above instance has fewer port connections than the module definition.
  Please use '+lint=TFIPC-L' to print out detailed information of unconnected 
  ports.


Warning-[TFIPC] Too few instance port connections
./IOTDF_syn.v, 4138
SNPS_CLOCK_GATE_HIGH_IOTDF_3, "TLATNX1 latch( .D (net5193),  .GN (CLK),  .Q (net5196));"
  The above instance has fewer port connections than the module definition.
  Please use '+lint=TFIPC-L' to print out detailed information of unconnected 
  ports.


Warning-[TFIPC] Too few instance port connections
./IOTDF_syn.v, 4127
SNPS_CLOCK_GATE_HIGH_IOTDF_2, "TLATNX1 latch( .D (net5193),  .GN (CLK),  .Q (net5196));"
  The above instance has fewer port connections than the module definition.
  Please use '+lint=TFIPC-L' to print out detailed information of unconnected 
  ports.


Warning-[TFIPC] Too few instance port connections
./IOTDF_syn.v, 4116
SNPS_CLOCK_GATE_HIGH_IOTDF_1, "TLATNX1 latch( .D (net5193),  .GN (CLK),  .Q (net5196));"
  The above instance has fewer port connections than the module definition.
  Please use '+lint=TFIPC-L' to print out detailed information of unconnected 
  ports.


Warning-[TFIPC] Too few instance port connections
./IOTDF_syn.v, 263
IOTDF, "DFFRX1 cnt_round_r_reg_0_( .D (n4296),  .CK (net5211_inv),  .RN (n1965),  .QN (n4296));"
  The above instance has fewer port connections than the module definition.
  Please use '+lint=TFIPC-L' to print out detailed information of unconnected 
  ports.


Warning-[TFIPC] Too few instance port connections
./IOTDF_syn.v, 267
IOTDF, "DFFRX1 cnt_round_r_reg_2_( .D (N50),  .CK (net5211_inv),  .RN (n1965),  .Q (cnt_round_r[2]));"
  The above instance has fewer port connections than the module definition.
  Please use '+lint=TFIPC-L' to print out detailed information of unconnected 
  ports.


Warning-[TFIPC] Too few instance port connections
./IOTDF_syn.v, 269
IOTDF, "DFFRX1 start_output_flag_r_reg_0_( .D (n1967),  .CK (net5211_inv),  .RN (n1965),  .Q (start_output_flag_r[0]));"
  The above instance has fewer port connections than the module definition.
  Please use '+lint=TFIPC-L' to print out detailed information of unconnected 
  ports.


Warning-[TFIPC] Too few instance port connections
./IOTDF_syn.v, 271
IOTDF, "DFFRX1 start_output_flag_r_reg_1_( .D (n1966),  .CK (net5211_inv),  .RN (n1965),  .Q (start_output_flag_r[1]));"
  The above instance has fewer port connections than the module definition.
  Please use '+lint=TFIPC-L' to print out detailed information of unconnected 
  ports.


Warning-[TFIPC] Too few instance port connections
./IOTDF_syn.v, 626
IOTDF, "DFFRX1 valid_r_reg( .D (N59),  .CK (clk),  .RN (n1965),  .Q (valid));"
  The above instance has fewer port connections than the module definition.
  Please use '+lint=TFIPC-L' to print out detailed information of unconnected 
  ports.


Warning-[TFIPC] Too few instance port connections
./IOTDF_syn.v, 3951
IOTDF, "DFFX1 fn_sel_r_reg_2_( .D (fn_sel[2]),  .CK (n2228),  .Q (fn_sel_r[2]));"
  The above instance has fewer port connections than the module definition.
  Please use '+lint=TFIPC-L' to print out detailed information of unconnected 
  ports.


Warning-[TFIPC] Too few instance port connections
./IOTDF_syn.v, 3952
IOTDF, "DFFX1 fn_sel_r_reg_1_( .D (fn_sel[1]),  .CK (n2228),  .Q (fn_sel_r[1]));"
  The above instance has fewer port connections than the module definition.
  Please use '+lint=TFIPC-L' to print out detailed information of unconnected 
  ports.


Warning-[TFIPC] Too few instance port connections
./IOTDF_syn.v, 3955
IOTDF, "DFFX1 iot_in_r_reg_127_( .D (n2268),  .CK (n2229),  .Q (iot_in_r[127]));"
  The above instance has fewer port connections than the module definition.
  Please use '+lint=TFIPC-L' to print out detailed information of unconnected 
  ports.


Warning-[TFIPC] Too few instance port connections
./IOTDF_syn.v, 3956
IOTDF, "DFFX1 iot_in_r_reg_126_( .D (n2266),  .CK (n2229),  .Q (iot_in_r[126]));"
  The above instance has fewer port connections than the module definition.
  Please use '+lint=TFIPC-L' to print out detailed information of unconnected 
  ports.


Warning-[TFIPC] Too few instance port connections
./IOTDF_syn.v, 3957
IOTDF, "DFFX1 iot_in_r_reg_125_( .D (n2264),  .CK (n2229),  .Q (iot_in_r[125]));"
  The above instance has fewer port connections than the module definition.
  Please use '+lint=TFIPC-L' to print out detailed information of unconnected 
  ports.


Warning-[TFIPC] Too few instance port connections
./IOTDF_syn.v, 3958
IOTDF, "DFFX1 iot_in_r_reg_124_( .D (n2262),  .CK (n2229),  .Q (iot_in_r[124]));"
  The above instance has fewer port connections than the module definition.
  Please use '+lint=TFIPC-L' to print out detailed information of unconnected 
  ports.


Warning-[TFIPC] Too few instance port connections
./IOTDF_syn.v, 3959
IOTDF, "DFFX1 iot_in_r_reg_123_( .D (n2260),  .CK (n2229),  .QN (n4041));"
  The above instance has fewer port connections than the module definition.
  Please use '+lint=TFIPC-L' to print out detailed information of unconnected 
  ports.


Warning-[TFIPC] Too few instance port connections
./IOTDF_syn.v, 3960
IOTDF, "DFFX1 iot_in_r_reg_122_( .D (n2258),  .CK (n2229),  .QN (n4039));"
  The above instance has fewer port connections than the module definition.
  Please use '+lint=TFIPC-L' to print out detailed information of unconnected 
  ports.


Warning-[TFIPC] Too few instance port connections
./IOTDF_syn.v, 3961
IOTDF, "DFFX1 iot_in_r_reg_121_( .D (iot_in[1]),  .CK (n2229),  .Q (iot_in_r[121]));"
  The above instance has fewer port connections than the module definition.
  Please use '+lint=TFIPC-L' to print out detailed information of unconnected 
  ports.


Warning-[TFIPC] Too few instance port connections
./IOTDF_syn.v, 3962
IOTDF, "DFFX1 iot_in_r_reg_120_( .D (n2254),  .CK (n2229),  .Q (iot_in_r[120]));"
  The above instance has fewer port connections than the module definition.
  Please use '+lint=TFIPC-L' to print out detailed information of unconnected 
  ports.


Warning-[TFIPC] Too few instance port connections
./IOTDF_syn.v, 3971
IOTDF, "DFFX1 iot_in_r_reg_115_( .D (n2260),  .CK (n2230),  .QN (n3303));"
  The above instance has fewer port connections than the module definition.
  Please use '+lint=TFIPC-L' to print out detailed information of unconnected 
  ports.


Warning-[TFIPC] Too few instance port connections
./IOTDF_syn.v, 3972
IOTDF, "DFFX1 iot_in_r_reg_114_( .D (n2258),  .CK (n2230),  .QN (n3311));"
  The above instance has fewer port connections than the module definition.
  Please use '+lint=TFIPC-L' to print out detailed information of unconnected 
  ports.


Warning-[TFIPC] Too few instance port connections
./IOTDF_syn.v, 3973
IOTDF, "DFFX1 iot_in_r_reg_113_( .D (iot_in[1]),  .CK (n2230),  .QN (n3414));"
  The above instance has fewer port connections than the module definition.
  Please use '+lint=TFIPC-L' to print out detailed information of unconnected 
  ports.


Warning-[TFIPC] Too few instance port connections
./IOTDF_syn.v, 3974
IOTDF, "DFFX1 iot_in_r_reg_112_( .D (n2254),  .CK (n2230),  .Q (iot_in_r[112]));"
  The above instance has fewer port connections than the module definition.
  Please use '+lint=TFIPC-L' to print out detailed information of unconnected 
  ports.


Warning-[TFIPC] Too few instance port connections
./IOTDF_syn.v, 3989
IOTDF, "DFFX1 iot_in_r_reg_104_( .D (n2254),  .CK (n2231),  .Q (iot_in_r[104]));"
  The above instance has fewer port connections than the module definition.
  Please use '+lint=TFIPC-L' to print out detailed information of unconnected 
  ports.


Warning-[TFIPC] Too few instance port connections
./IOTDF_syn.v, 4004
IOTDF, "DFFX1 iot_in_r_reg_96_( .D (n2254),  .CK (n2232),  .Q (iot_in_r[96]));"
  The above instance has fewer port connections than the module definition.
  Please use '+lint=TFIPC-L' to print out detailed information of unconnected 
  ports.


Warning-[TFIPC] Too few instance port connections
./IOTDF_syn.v, 4011
IOTDF, "DFFX1 iot_in_r_reg_92_( .D (n2262),  .CK (n2233),  .Q (iot_in_r[92]));"
  The above instance has fewer port connections than the module definition.
  Please use '+lint=TFIPC-L' to print out detailed information of unconnected 
  ports.


Warning-[TFIPC] Too few instance port connections
./IOTDF_syn.v, 4012
IOTDF, "DFFX1 iot_in_r_reg_91_( .D (n2260),  .CK (n2233),  .Q (iot_in_r[91]));"
  The above instance has fewer port connections than the module definition.
  Please use '+lint=TFIPC-L' to print out detailed information of unconnected 
  ports.


Warning-[TFIPC] Too few instance port connections
./IOTDF_syn.v, 4017
IOTDF, "DFFX1 iot_in_r_reg_88_( .D (n2254),  .CK (n2233),  .Q (iot_in_r[88]));"
  The above instance has fewer port connections than the module definition.
  Please use '+lint=TFIPC-L' to print out detailed information of unconnected 
  ports.


Warning-[TFIPC] Too few instance port connections
./IOTDF_syn.v, 4020
IOTDF, "DFFX1 iot_in_r_reg_86_( .D (n2266),  .CK (n2234),  .Q (iot_in_r[86]));"
  The above instance has fewer port connections than the module definition.
  Please use '+lint=TFIPC-L' to print out detailed information of unconnected 
  ports.


Warning-[TFIPC] Too few instance port connections
./IOTDF_syn.v, 4029
IOTDF, "DFFX1 iot_in_r_reg_81_( .D (iot_in[1]),  .CK (n2234),  .Q (iot_in_r[81]));"
  The above instance has fewer port connections than the module definition.
  Please use '+lint=TFIPC-L' to print out detailed information of unconnected 
  ports.


Warning-[TFIPC] Too few instance port connections
./IOTDF_syn.v, 4030
IOTDF, "DFFX1 iot_in_r_reg_80_( .D (n2254),  .CK (n2234),  .Q (iot_in_r[80]));"
  The above instance has fewer port connections than the module definition.
  Please use '+lint=TFIPC-L' to print out detailed information of unconnected 
  ports.


Warning-[TFIPC] Too few instance port connections
./IOTDF_syn.v, 4043
IOTDF, "DFFX1 iot_in_r_reg_73_( .D (iot_in[1]),  .CK (n2235),  .Q (iot_in_r[73]));"
  The above instance has fewer port connections than the module definition.
  Please use '+lint=TFIPC-L' to print out detailed information of unconnected 
  ports.


Warning-[TFIPC] Too few instance port connections
./IOTDF_syn.v, 4044
IOTDF, "DFFX1 iot_in_r_reg_72_( .D (n2254),  .CK (n2235),  .Q (iot_in_r[72]));"
  The above instance has fewer port connections than the module definition.
  Please use '+lint=TFIPC-L' to print out detailed information of unconnected 
  ports.


Warning-[TFIPC] Too few instance port connections
./IOTDF_syn.v, 4057
IOTDF, "DFFX1 iot_in_r_reg_1_( .D (n4306),  .CK (n2244),  .Q (iot_in_r[1]));"
  The above instance has fewer port connections than the module definition.
  Please use '+lint=TFIPC-L' to print out detailed information of unconnected 
  ports.


   ***   $sdf_annotate() version 1.2R
   ***    SDF file: "./IOTDF_syn.sdf"
   ***    Annotation scope: test.u_IOTDF
   ***    No MTM selection argument specified
   ***    No SCALE FACTORS argument specified
   ***    No SCALE TYPE argument specified
   ***    MTM selection defaulted to "TOOL_CONTROL":
               (+maxdelays compiled, MAXIMUM delays selected)
   ***    SCALE FACTORS defaulted to "1.0:1.0:1.0":
   ***    SCALE TYPE defaulted to: "FROM_MTM"
   ***    Turnoff delay: "FROM_FILE"
   ***    Approximation (mipd) policy: "MAXIMUM"

   ***    SDF annotation begin: Mon Nov 18 19:34:36 2024


SDF Info: +pulse_r/100, +pulse_e/100 in effect

          Total errors: 0
          Total warnings: 0
   ***    SDF annotation completed: Mon Nov 18 19:34:36 2024


Starting vcs inline pass...
553 modules and 12 UDPs read.
recompiling module test
	However, due to incremental compilation, only 1 module needs to be compiled. 
make: Warning: File `filelist.hsopt.llvm2_0.objs' has modification time 3.6 s in the future
make[1]: Warning: File `filelist.hsopt.llvm2_0.objs' has modification time 3.6 s in the future
rm -f _cuarc*.so _csrc*.so pre_vcsobj_*.so share_vcsobj_*.so
make[1]: warning:  Clock skew detected.  Your build may be incomplete.
make[1]: Warning: File `filelist.hsopt.llvm2_0.objs' has modification time 3.6 s in the future
ld -shared  -Bsymbolic   -o .//../simv.daidir//_cuarc0.so objs/amcQw_d.o 
rm -f _cuarc0.so
make[1]: warning:  Clock skew detected.  Your build may be incomplete.
if [ -x ../simv ]; then chmod a-x ../simv; fi
g++  -o ../simv      -rdynamic  -Wl,-rpath='$ORIGIN'/simv.daidir -Wl,-rpath=./simv.daidir -Wl,-rpath=/usr/cad/synopsys/vcs/2022.06/linux64/lib -L/usr/cad/synopsys/vcs/2022.06/linux64/lib  -Wl,-rpath-link=./  /usr/lib64/libnuma.so.1     _3192_archive_1.so _prev_archive_1.so _cuarc0.so objs/udps/D2wHf.o objs/udps/uYEPC.o objs/udps/vCfas.o objs/udps/IEZrF.o objs/udps/U7Vwg.o objs/udps/i2VqJ.o objs/udps/CjLsY.o objs/udps/sk4QJ.o objs/udps/exIG1.o objs/udps/gSqMj.o objs/udps/Cpxa2.o objs/udps/AubIW.o  SIM_l.o      rmapats_mop.o rmapats.o rmar.o rmar_nd.o  rmar_llvm_0_1.o rmar_llvm_0_0.o           -lvirsim -lerrorinf -lsnpsmalloc -lvfs    -lvcsnew -lsimprofile -luclinative /usr/cad/synopsys/vcs/2022.06/linux64/lib/vcs_tls.o   -Wl,-whole-archive  -lvcsucli    -Wl,-no-whole-archive        _vcs_pli_stub_.o   /usr/cad/synopsys/vcs/2022.06/linux64/lib/vcs_save_restore_new.o /usr/cad/synopsys/verdi/cur/share/PLI/VCS/LINUX64/pli.a -ldl  -lc -lm -lpthread -ldl 
../simv up to date
make: warning:  Clock skew detected.  Your build may be incomplete.
Chronologic VCS simulator copyright 1991-2022
Contains Synopsys proprietary information.
Compiler version T-2022.06_Full64; Runtime version T-2022.06_Full64;  Nov 18 19:34 2024
Doing SDF annotation ...... Done
*Verdi* Loading libsscore_vcs202206.so
FSDB Dumper for VCS, Release Verdi_T-2022.06, Linux x86_64/64bit, 05/29/2022
(C) 1996 - 2022 by Synopsys, Inc.
*Verdi* FSDB WARNING: The FSDB file already exists. Overwriting the FSDB file may crash the programs that are using this file.
*Verdi* : Create FSDB file 'IOTDF_F3.fsdb'
*Verdi* : Begin traversing the scopes, layer (0).
*Verdi* : End of traversing.
*Verdi* : Begin traversing the MDAs, layer (0).
*Verdi* : Enable +mda and +packedmda dumping.
*Verdi* : End of traversing the MDAs.
-----------------------------------------------------

Start to Send IOT Data & Compare ...


P00:  ** Correct!! ** , iot_out=00000000000000000000000000000006
P01:  ** Correct!! ** , iot_out=00000000000000000000000000000000
P02:  ** Correct!! ** , iot_out=00000000000000000000000000000002
P03:  ** Correct!! ** , iot_out=00000000000000000000000000000002
P04:  ** Correct!! ** , iot_out=00000000000000000000000000000002
P05:  ** Correct!! ** , iot_out=00000000000000000000000000000000
P06:  ** Correct!! ** , iot_out=00000000000000000000000000000002
P07:  ** Correct!! ** , iot_out=00000000000000000000000000000000
P08:  ** Correct!! ** , iot_out=00000000000000000000000000000004
P09:  ** Correct!! ** , iot_out=00000000000000000000000000000004
P10:  ** Correct!! ** , iot_out=00000000000000000000000000000002
P11:  ** Correct!! ** , iot_out=00000000000000000000000000000004
P12:  ** Correct!! ** , iot_out=00000000000000000000000000000002
P13:  ** Correct!! ** , iot_out=00000000000000000000000000000004
P14:  ** Correct!! ** , iot_out=00000000000000000000000000000000
P15:  ** Correct!! ** , iot_out=00000000000000000000000000000002
P16:  ** Correct!! ** , iot_out=00000000000000000000000000000002
P17:  ** Correct!! ** , iot_out=00000000000000000000000000000002
P18:  ** Correct!! ** , iot_out=00000000000000000000000000000002
P19:  ** Correct!! ** , iot_out=00000000000000000000000000000004
P20:  ** Correct!! ** , iot_out=00000000000000000000000000000002
P21:  ** Correct!! ** , iot_out=00000000000000000000000000000006
P22:  ** Correct!! ** , iot_out=00000000000000000000000000000004
P23:  ** Correct!! ** , iot_out=00000000000000000000000000000006
P24:  ** Correct!! ** , iot_out=00000000000000000000000000000006
P25:  ** Correct!! ** , iot_out=00000000000000000000000000000002
P26:  ** Correct!! ** , iot_out=00000000000000000000000000000000
P27:  ** Correct!! ** , iot_out=00000000000000000000000000000006
P28:  ** Correct!! ** , iot_out=00000000000000000000000000000000
P29:  ** Correct!! ** , iot_out=00000000000000000000000000000004
P30:  ** Correct!! ** , iot_out=00000000000000000000000000000000
P31:  ** Correct!! ** , iot_out=00000000000000000000000000000006
P32:  ** Correct!! ** , iot_out=00000000000000000000000000000002
P33:  ** Correct!! ** , iot_out=00000000000000000000000000000002
P34:  ** Correct!! ** , iot_out=00000000000000000000000000000004
P35:  ** Correct!! ** , iot_out=00000000000000000000000000000000
P36:  ** Correct!! ** , iot_out=00000000000000000000000000000004
P37:  ** Correct!! ** , iot_out=00000000000000000000000000000002
P38:  ** Correct!! ** , iot_out=00000000000000000000000000000002
P39:  ** Correct!! ** , iot_out=00000000000000000000000000000006
P40:  ** Correct!! ** , iot_out=00000000000000000000000000000002
P41:  ** Correct!! ** , iot_out=00000000000000000000000000000000
P42:  ** Correct!! ** , iot_out=00000000000000000000000000000004
P43:  ** Correct!! ** , iot_out=00000000000000000000000000000006
P44:  ** Correct!! ** , iot_out=00000000000000000000000000000002
P45:  ** Correct!! ** , iot_out=00000000000000000000000000000004
P46:  ** Correct!! ** , iot_out=00000000000000000000000000000004
P47:  ** Correct!! ** , iot_out=00000000000000000000000000000000
P48:  ** Correct!! ** , iot_out=00000000000000000000000000000000
P49:  ** Correct!! ** , iot_out=00000000000000000000000000000004
P50:  ** Correct!! ** , iot_out=00000000000000000000000000000002
P51:  ** Correct!! ** , iot_out=00000000000000000000000000000000
P52:  ** Correct!! ** , iot_out=00000000000000000000000000000006
P53:  ** Correct!! ** , iot_out=00000000000000000000000000000004
P54:  ** Correct!! ** , iot_out=00000000000000000000000000000004
P55:  ** Correct!! ** , iot_out=00000000000000000000000000000000
P56:  ** Correct!! ** , iot_out=00000000000000000000000000000006
P57:  ** Correct!! ** , iot_out=00000000000000000000000000000002
P58:  ** Correct!! ** , iot_out=00000000000000000000000000000004
P59:  ** Correct!! ** , iot_out=00000000000000000000000000000006
P60:  ** Correct!! ** , iot_out=00000000000000000000000000000006
P61:  ** Correct!! ** , iot_out=00000000000000000000000000000006
P62:  ** Correct!! ** , iot_out=00000000000000000000000000000006
P63:  ** Correct!! ** , iot_out=00000000000000000000000000000006

-----------------------------------------------------

Congratulations! All data have been generated successfully!

Total cost time:    8882.50 ns
-------------------------PASS------------------------

$finish called from file "../00_TESTBED/testfixture.v", line 302.
$finish at simulation time              8882500
           V C S   S i m u l a t i o n   R e p o r t 
Time: 8882500 ps
CPU Time:      1.290 seconds;       Data structure size:   0.9Mb
Mon Nov 18 19:34:52 2024
CPU time: 5.388 seconds to compile + 1.147 seconds to elab + 1.219 seconds to link + 1.348 seconds in simulation
